<?xml version="1.0" encoding="UTF-8"?>
<robot generator="Robot 7.1.1 (Python 3.12.3 on linux)" generated="2024-11-17T20:10:45.914485" rpa="false" schemaversion="5">
<suite id="s1" name="Tests" source="/home/toenarhi/ohtu_viikko3/webcounter/src/tests">
<suite id="s1-s1" name="Increment" source="/home/toenarhi/ohtu_viikko3/webcounter/src/tests/increment.robot">
<kw name="Open And Configure Browser" owner="resource" type="SETUP">
<if>
<branch type="IF" condition="$BROWSER == 'chrome'">
<kw name="Evaluate" owner="BuiltIn">
<var>${options}</var>
<arg>sys.modules['selenium.webdriver'].ChromeOptions()</arg>
<arg>sys</arg>
<doc>Evaluates the given expression in Python and returns the result.</doc>
<status status="NOT RUN" start="2024-11-17T20:10:45.993385" elapsed="0.000034"/>
</kw>
<status status="NOT RUN" start="2024-11-17T20:10:45.992952" elapsed="0.000529"/>
</branch>
<branch type="ELSE IF" condition="$BROWSER == 'firefox'">
<kw name="Evaluate" owner="BuiltIn">
<msg time="2024-11-17T20:10:45.993908" level="INFO">${options} = &lt;selenium.webdriver.firefox.options.Options object at 0x739cd5837530&gt;</msg>
<var>${options}</var>
<arg>sys.modules['selenium.webdriver'].FirefoxOptions()</arg>
<arg>sys</arg>
<doc>Evaluates the given expression in Python and returns the result.</doc>
<status status="PASS" start="2024-11-17T20:10:45.993696" elapsed="0.000235"/>
</kw>
<status status="PASS" start="2024-11-17T20:10:45.993517" elapsed="0.000451"/>
</branch>
<status status="PASS" start="2024-11-17T20:10:45.992935" elapsed="0.001059"/>
</if>
<if>
<branch type="IF" condition="$HEADLESS == 'true'">
<kw name="Set Selenium Speed" owner="SeleniumLibrary">
<arg>0</arg>
<doc>Sets the delay that is waited after each Selenium command.</doc>
<status status="PASS" start="2024-11-17T20:10:45.994148" elapsed="0.000209"/>
</kw>
<kw name="Call Method" owner="BuiltIn">
<arg>${options}</arg>
<arg>add_argument</arg>
<arg>--headless</arg>
<doc>Calls the named method of the given object with the provided arguments.</doc>
<status status="PASS" start="2024-11-17T20:10:45.994427" elapsed="0.000095"/>
</kw>
<status status="PASS" start="2024-11-17T20:10:45.994036" elapsed="0.000515"/>
</branch>
<branch type="ELSE">
<kw name="Set Selenium Speed" owner="SeleniumLibrary">
<arg>${DELAY}</arg>
<doc>Sets the delay that is waited after each Selenium command.</doc>
<status status="NOT RUN" start="2024-11-17T20:10:45.994633" elapsed="0.000015"/>
</kw>
<status status="NOT RUN" start="2024-11-17T20:10:45.994574" elapsed="0.000097"/>
</branch>
<status status="PASS" start="2024-11-17T20:10:45.994024" elapsed="0.000665"/>
</if>
<kw name="Open Browser" owner="SeleniumLibrary">
<msg time="2024-11-17T20:10:45.994926" level="INFO">Opening browser 'firefox' to base url 'None'.</msg>
<arg>browser=${BROWSER}</arg>
<arg>options=${options}</arg>
<doc>Opens a new browser instance to the optional ``url``.</doc>
<status status="PASS" start="2024-11-17T20:10:45.994753" elapsed="1.171433"/>
</kw>
<status status="PASS" start="2024-11-17T20:10:45.992791" elapsed="1.173575"/>
</kw>
<test id="s1-s1-t1" name="At start the counter is zero" line="7">
<kw name="Go To" owner="SeleniumLibrary">
<msg time="2024-11-17T20:10:47.167210" level="INFO">Opening url 'http://localhost:5001'</msg>
<arg>${HOME_URL}</arg>
<doc>Navigates the current browser window to the provided ``url``.</doc>
<status status="PASS" start="2024-11-17T20:10:47.166998" elapsed="0.091272"/>
</kw>
<kw name="Title Should Be" owner="SeleniumLibrary">
<msg time="2024-11-17T20:10:47.270271" level="INFO">Page title is 'Laskuri'.</msg>
<arg>Laskuri</arg>
<doc>Verifies that the current page title equals ``title``.</doc>
<status status="PASS" start="2024-11-17T20:10:47.258615" elapsed="0.011898"/>
</kw>
<kw name="Page Should Contain" owner="SeleniumLibrary">
<msg time="2024-11-17T20:10:47.294545" level="INFO">Current page contains text 'nappia painettu 0 kertaa'.</msg>
<arg>nappia painettu 0 kertaa</arg>
<doc>Verifies that current page contains ``text``.</doc>
<status status="PASS" start="2024-11-17T20:10:47.271001" elapsed="0.023660"/>
</kw>
<status status="PASS" start="2024-11-17T20:10:47.166488" elapsed="0.128449"/>
</test>
<test id="s1-s1-t2" name="When button pressed twice the counter is two" line="12">
<kw name="Go To" owner="SeleniumLibrary">
<msg time="2024-11-17T20:10:47.295996" level="INFO">Opening url 'http://localhost:5001'</msg>
<arg>${HOME_URL}</arg>
<doc>Navigates the current browser window to the provided ``url``.</doc>
<status status="PASS" start="2024-11-17T20:10:47.295785" elapsed="0.027882"/>
</kw>
<kw name="Click Button" owner="SeleniumLibrary">
<msg time="2024-11-17T20:10:47.324757" level="INFO">Clicking button 'Paina'.</msg>
<arg>Paina</arg>
<doc>Clicks the button identified by ``locator``.</doc>
<status status="PASS" start="2024-11-17T20:10:47.324218" elapsed="0.068503"/>
</kw>
<kw name="Click Button" owner="SeleniumLibrary">
<msg time="2024-11-17T20:10:47.393283" level="INFO">Clicking button 'Paina'.</msg>
<arg>Paina</arg>
<doc>Clicks the button identified by ``locator``.</doc>
<status status="PASS" start="2024-11-17T20:10:47.393014" elapsed="0.054991"/>
</kw>
<kw name="Page Should Contain" owner="SeleniumLibrary">
<msg time="2024-11-17T20:10:47.459592" level="INFO">Current page contains text 'nappia painettu 2 kertaa'.</msg>
<arg>nappia painettu 2 kertaa</arg>
<doc>Verifies that current page contains ``text``.</doc>
<status status="PASS" start="2024-11-17T20:10:47.449973" elapsed="0.009745"/>
</kw>
<status status="PASS" start="2024-11-17T20:10:47.295328" elapsed="0.164633"/>
</test>
<kw name="Close Browser" owner="SeleniumLibrary" type="TEARDOWN">
<doc>Closes the current browser.</doc>
<status status="PASS" start="2024-11-17T20:10:47.460606" elapsed="0.565430"/>
</kw>
<status status="PASS" start="2024-11-17T20:10:45.928986" elapsed="2.097164"/>
</suite>
<suite id="s1-s2" name="Reset" source="/home/toenarhi/ohtu_viikko3/webcounter/src/tests/reset.robot">
<kw name="Open And Configure Browser" owner="resource" type="SETUP">
<if>
<branch type="IF" condition="$BROWSER == 'chrome'">
<kw name="Evaluate" owner="BuiltIn">
<var>${options}</var>
<arg>sys.modules['selenium.webdriver'].ChromeOptions()</arg>
<arg>sys</arg>
<doc>Evaluates the given expression in Python and returns the result.</doc>
<status status="NOT RUN" start="2024-11-17T20:10:48.030508" elapsed="0.000048"/>
</kw>
<status status="NOT RUN" start="2024-11-17T20:10:48.030119" elapsed="0.000525"/>
</branch>
<branch type="ELSE IF" condition="$BROWSER == 'firefox'">
<kw name="Evaluate" owner="BuiltIn">
<msg time="2024-11-17T20:10:48.031557" level="INFO">${options} = &lt;selenium.webdriver.firefox.options.Options object at 0x739cd5688a10&gt;</msg>
<var>${options}</var>
<arg>sys.modules['selenium.webdriver'].FirefoxOptions()</arg>
<arg>sys</arg>
<doc>Evaluates the given expression in Python and returns the result.</doc>
<status status="PASS" start="2024-11-17T20:10:48.030916" elapsed="0.000684"/>
</kw>
<status status="PASS" start="2024-11-17T20:10:48.030709" elapsed="0.000969"/>
</branch>
<status status="PASS" start="2024-11-17T20:10:48.030089" elapsed="0.001646"/>
</if>
<if>
<branch type="IF" condition="$HEADLESS == 'true'">
<kw name="Set Selenium Speed" owner="SeleniumLibrary">
<arg>0</arg>
<doc>Sets the delay that is waited after each Selenium command.</doc>
<status status="PASS" start="2024-11-17T20:10:48.032174" elapsed="0.000393"/>
</kw>
<kw name="Call Method" owner="BuiltIn">
<arg>${options}</arg>
<arg>add_argument</arg>
<arg>--headless</arg>
<doc>Calls the named method of the given object with the provided arguments.</doc>
<status status="PASS" start="2024-11-17T20:10:48.032736" elapsed="0.000264"/>
</kw>
<status status="PASS" start="2024-11-17T20:10:48.031820" elapsed="0.001265"/>
</branch>
<branch type="ELSE">
<kw name="Set Selenium Speed" owner="SeleniumLibrary">
<arg>${DELAY}</arg>
<doc>Sets the delay that is waited after each Selenium command.</doc>
<status status="NOT RUN" start="2024-11-17T20:10:48.033319" elapsed="0.000051"/>
</kw>
<status status="NOT RUN" start="2024-11-17T20:10:48.033149" elapsed="0.000297"/>
</branch>
<status status="PASS" start="2024-11-17T20:10:48.031798" elapsed="0.001713"/>
</if>
<kw name="Open Browser" owner="SeleniumLibrary">
<msg time="2024-11-17T20:10:48.034551" level="INFO">Opening browser 'firefox' to base url 'None'.</msg>
<arg>browser=${BROWSER}</arg>
<arg>options=${options}</arg>
<doc>Opens a new browser instance to the optional ``url``.</doc>
<status status="PASS" start="2024-11-17T20:10:48.033870" elapsed="1.234084"/>
</kw>
<status status="PASS" start="2024-11-17T20:10:48.029861" elapsed="1.238302"/>
</kw>
<test id="s1-s2-t1" name="When counter has a nonzero value and it is reset the value becomes zero" line="9">
<kw name="Go To" owner="SeleniumLibrary">
<msg time="2024-11-17T20:10:49.269282" level="INFO">Opening url 'http://localhost:5001'</msg>
<arg>${HOME_URL}</arg>
<doc>Navigates the current browser window to the provided ``url``.</doc>
<status status="PASS" start="2024-11-17T20:10:49.269011" elapsed="0.120220"/>
</kw>
<kw name="Click Button" owner="SeleniumLibrary">
<msg time="2024-11-17T20:10:49.389913" level="INFO">Clicking button 'Paina'.</msg>
<arg>Paina</arg>
<doc>Clicks the button identified by ``locator``.</doc>
<status status="PASS" start="2024-11-17T20:10:49.389638" elapsed="0.081035"/>
</kw>
<kw name="Click Button" owner="SeleniumLibrary">
<msg time="2024-11-17T20:10:49.471580" level="INFO">Clicking button 'Paina'.</msg>
<arg>Paina</arg>
<doc>Clicks the button identified by ``locator``.</doc>
<status status="PASS" start="2024-11-17T20:10:49.471173" elapsed="0.051636"/>
</kw>
<kw name="Click Button" owner="SeleniumLibrary">
<msg time="2024-11-17T20:10:49.523346" level="INFO">Clicking button 'Nollaa'.</msg>
<arg>Nollaa</arg>
<doc>Clicks the button identified by ``locator``.</doc>
<status status="PASS" start="2024-11-17T20:10:49.523093" elapsed="0.036944"/>
</kw>
<kw name="Page Should Contain" owner="SeleniumLibrary">
<msg time="2024-11-17T20:10:49.569948" level="INFO">Current page contains text 'nappia painettu 0 kertaa'.</msg>
<arg>nappia painettu 0 kertaa</arg>
<doc>Verifies that current page contains ``text``.</doc>
<status status="PASS" start="2024-11-17T20:10:49.560481" elapsed="0.009735"/>
</kw>
<status status="PASS" start="2024-11-17T20:10:49.268345" elapsed="0.302397"/>
</test>
<kw name="Close Browser" owner="SeleniumLibrary" type="TEARDOWN">
<doc>Closes the current browser.</doc>
<status status="PASS" start="2024-11-17T20:10:49.571784" elapsed="0.532477"/>
</kw>
<status status="PASS" start="2024-11-17T20:10:48.026867" elapsed="2.077713"/>
</suite>
<suite id="s1-s3" name="Set" source="/home/toenarhi/ohtu_viikko3/webcounter/src/tests/set.robot">
<kw name="Open And Configure Browser" owner="resource" type="SETUP">
<if>
<branch type="IF" condition="$BROWSER == 'chrome'">
<kw name="Evaluate" owner="BuiltIn">
<var>${options}</var>
<arg>sys.modules['selenium.webdriver'].ChromeOptions()</arg>
<arg>sys</arg>
<doc>Evaluates the given expression in Python and returns the result.</doc>
<status status="NOT RUN" start="2024-11-17T20:10:50.113360" elapsed="0.000059"/>
</kw>
<status status="NOT RUN" start="2024-11-17T20:10:50.112941" elapsed="0.000573"/>
</branch>
<branch type="ELSE IF" condition="$BROWSER == 'firefox'">
<kw name="Evaluate" owner="BuiltIn">
<msg time="2024-11-17T20:10:50.114216" level="INFO">${options} = &lt;selenium.webdriver.firefox.options.Options object at 0x739cd5656d50&gt;</msg>
<var>${options}</var>
<arg>sys.modules['selenium.webdriver'].FirefoxOptions()</arg>
<arg>sys</arg>
<doc>Evaluates the given expression in Python and returns the result.</doc>
<status status="PASS" start="2024-11-17T20:10:50.113833" elapsed="0.000427"/>
</kw>
<status status="PASS" start="2024-11-17T20:10:50.113573" elapsed="0.000779"/>
</branch>
<status status="PASS" start="2024-11-17T20:10:50.112896" elapsed="0.001512"/>
</if>
<if>
<branch type="IF" condition="$HEADLESS == 'true'">
<kw name="Set Selenium Speed" owner="SeleniumLibrary">
<arg>0</arg>
<doc>Sets the delay that is waited after each Selenium command.</doc>
<status status="PASS" start="2024-11-17T20:10:50.114735" elapsed="0.000229"/>
</kw>
<kw name="Call Method" owner="BuiltIn">
<arg>${options}</arg>
<arg>add_argument</arg>
<arg>--headless</arg>
<doc>Calls the named method of the given object with the provided arguments.</doc>
<status status="PASS" start="2024-11-17T20:10:50.115109" elapsed="0.000213"/>
</kw>
<status status="PASS" start="2024-11-17T20:10:50.114489" elapsed="0.000896"/>
</branch>
<branch type="ELSE">
<kw name="Set Selenium Speed" owner="SeleniumLibrary">
<arg>${DELAY}</arg>
<doc>Sets the delay that is waited after each Selenium command.</doc>
<status status="NOT RUN" start="2024-11-17T20:10:50.115554" elapsed="0.000030"/>
</kw>
<status status="NOT RUN" start="2024-11-17T20:10:50.115433" elapsed="0.000197"/>
</branch>
<status status="PASS" start="2024-11-17T20:10:50.114468" elapsed="0.001199"/>
</if>
<kw name="Open Browser" owner="SeleniumLibrary">
<msg time="2024-11-17T20:10:50.116063" level="INFO">Opening browser 'firefox' to base url 'None'.</msg>
<arg>browser=${BROWSER}</arg>
<arg>options=${options}</arg>
<doc>Opens a new browser instance to the optional ``url``.</doc>
<status status="PASS" start="2024-11-17T20:10:50.115789" elapsed="1.243189"/>
</kw>
<status status="PASS" start="2024-11-17T20:10:50.112246" elapsed="1.246841"/>
</kw>
<test id="s1-s3-t1" name="Counter can be anything and when its set to specific number it is that number" line="9">
<kw name="Go To" owner="SeleniumLibrary">
<msg time="2024-11-17T20:10:51.359615" level="INFO">Opening url 'http://localhost:5001'</msg>
<arg>${HOME_URL}</arg>
<doc>Navigates the current browser window to the provided ``url``.</doc>
<status status="PASS" start="2024-11-17T20:10:51.359479" elapsed="0.127891"/>
</kw>
<kw name="Click Button" owner="SeleniumLibrary">
<msg time="2024-11-17T20:10:51.488146" level="INFO">Clicking button 'Paina'.</msg>
<arg>Paina</arg>
<doc>Clicks the button identified by ``locator``.</doc>
<status status="PASS" start="2024-11-17T20:10:51.487796" elapsed="0.085999"/>
</kw>
<kw name="Input Text" owner="SeleniumLibrary">
<msg time="2024-11-17T20:10:51.574509" level="INFO">Typing text '10' into text field 'arvo'.</msg>
<arg>arvo</arg>
<arg>10</arg>
<doc>Types the given ``text`` into the text field identified by ``locator``.</doc>
<status status="PASS" start="2024-11-17T20:10:51.574186" elapsed="0.053834"/>
</kw>
<kw name="Click Button" owner="SeleniumLibrary">
<msg time="2024-11-17T20:10:51.628556" level="INFO">Clicking button 'aseta'.</msg>
<arg>aseta</arg>
<doc>Clicks the button identified by ``locator``.</doc>
<status status="PASS" start="2024-11-17T20:10:51.628361" elapsed="0.047884"/>
</kw>
<kw name="Page Should Contain" owner="SeleniumLibrary">
<msg time="2024-11-17T20:10:51.685625" level="INFO">Current page contains text 'nappia painettu 10 kertaa'.</msg>
<arg>nappia painettu 10 kertaa</arg>
<doc>Verifies that current page contains ``text``.</doc>
<status status="PASS" start="2024-11-17T20:10:51.676858" elapsed="0.008938"/>
</kw>
<status status="PASS" start="2024-11-17T20:10:51.359158" elapsed="0.326944"/>
</test>
<kw name="Close Browser" owner="SeleniumLibrary" type="TEARDOWN">
<doc>Closes the current browser.</doc>
<status status="PASS" start="2024-11-17T20:10:51.686483" elapsed="0.531998"/>
</kw>
<status status="PASS" start="2024-11-17T20:10:50.106454" elapsed="2.112220"/>
</suite>
<status status="PASS" start="2024-11-17T20:10:45.915057" elapsed="6.305101"/>
</suite>
<statistics>
<total>
<stat pass="4" fail="0" skip="0">All Tests</stat>
</total>
<tag>
</tag>
<suite>
<stat pass="4" fail="0" skip="0" id="s1" name="Tests">Tests</stat>
<stat pass="2" fail="0" skip="0" id="s1-s1" name="Increment">Tests.Increment</stat>
<stat pass="1" fail="0" skip="0" id="s1-s2" name="Reset">Tests.Reset</stat>
<stat pass="1" fail="0" skip="0" id="s1-s3" name="Set">Tests.Set</stat>
</suite>
</statistics>
<errors>
</errors>
</robot>
